2022-12-05 20:56:41,149 INFO o.a.j.u.JMeterUtils: Setting Locale to pt_BR
2022-12-05 20:56:41,198 INFO o.a.j.JMeter: Loading user properties from: user.properties
2022-12-05 20:56:41,199 INFO o.a.j.JMeter: Loading system properties from: system.properties
2022-12-05 20:56:41,211 INFO o.a.j.JMeter: Copyright (c) 1998-2022 The Apache Software Foundation
2022-12-05 20:56:41,211 INFO o.a.j.JMeter: Version 5.5
2022-12-05 20:56:41,211 INFO o.a.j.JMeter: java.version=17.0.1
2022-12-05 20:56:41,211 INFO o.a.j.JMeter: java.vm.name=Java HotSpot(TM) 64-Bit Server VM
2022-12-05 20:56:41,211 INFO o.a.j.JMeter: os.name=Windows 10
2022-12-05 20:56:41,212 INFO o.a.j.JMeter: os.arch=amd64
2022-12-05 20:56:41,212 INFO o.a.j.JMeter: os.version=10.0
2022-12-05 20:56:41,212 INFO o.a.j.JMeter: file.encoding=Cp1252
2022-12-05 20:56:41,212 INFO o.a.j.JMeter: java.awt.headless=null
2022-12-05 20:56:41,212 INFO o.a.j.JMeter: Max memory     =4263510016
2022-12-05 20:56:41,212 INFO o.a.j.JMeter: Available Processors =8
2022-12-05 20:56:41,229 INFO o.a.j.JMeter: Default Locale=português (Brasil)
2022-12-05 20:56:41,229 INFO o.a.j.JMeter: JMeter  Locale=português (Brasil)
2022-12-05 20:56:41,229 INFO o.a.j.JMeter: JMeterHome=C:\Users\bruno\OneDrive\Área de Trabalho\apache-jmeter-5.5
2022-12-05 20:56:41,229 INFO o.a.j.JMeter: user.dir  =C:\Users\bruno\OneDrive\Área de Trabalho\apache-jmeter-5.5\bin
2022-12-05 20:56:41,230 INFO o.a.j.JMeter: PWD       =C:\Users\bruno\OneDrive\Área de Trabalho\apache-jmeter-5.5\bin
2022-12-05 20:56:41,234 INFO o.a.j.JMeter: IP: 192.168.1.18 Name: PECANHA FullName: host.docker.internal
2022-12-05 20:56:41,252 INFO o.a.j.JMeter: Loaded icon properties from org/apache/jmeter/images/icon.properties
2022-12-05 20:56:41,628 INFO o.a.j.JMeterGuiLauncher: Setting LAF to: com.github.weisj.darklaf.DarkLaf:com.github.weisj.darklaf.theme.DarculaTheme
